[debug] [2024-04-08T23:11:00.886Z] ----------------------------------------------------------------------
[debug] [2024-04-08T23:11:00.890Z] Command:       C:\Program Files\nodejs\node.exe C:\Users\andyj\AppData\Roaming\npm\node_modules\firebase-tools\lib\bin\firebase.js init
[debug] [2024-04-08T23:11:00.890Z] CLI Version:   13.7.1
[debug] [2024-04-08T23:11:00.891Z] Platform:      win32
[debug] [2024-04-08T23:11:00.891Z] Node Version:  v18.14.0
[debug] [2024-04-08T23:11:00.893Z] Time:          Mon Apr 08 2024 19:11:00 GMT-0400 (Eastern Daylight Time)
[debug] [2024-04-08T23:11:00.893Z] ----------------------------------------------------------------------
[debug] 
[debug] [2024-04-08T23:11:01.021Z] > command requires scopes: ["email","openid","https://www.googleapis.com/auth/cloudplatformprojects.readonly","https://www.googleapis.com/auth/firebase","https://www.googleapis.com/auth/cloud-platform"]
[debug] [2024-04-08T23:11:01.022Z] > authorizing via signed-in user (tps.jhu@gmail.com)
[info] 
     ######## #### ########  ######## ########     ###     ######  ########
     ##        ##  ##     ## ##       ##     ##  ##   ##  ##       ##
     ######    ##  ########  ######   ########  #########  ######  ######
     ##        ##  ##    ##  ##       ##     ## ##     ##       ## ##
     ##       #### ##     ## ######## ########  ##     ##  ######  ########

You're about to initialize a Firebase project in this directory:

  C:\Users\andyj\OneDrive\Desktop\college\CS Major\tpsjhu.github.io

Before we get started, keep in mind:

  * You are initializing within an existing Firebase project directory

[info] 
=== Project Setup
[info] 
[info] First, let's associate this project directory with a Firebase project.
[info] You can create multiple project aliases by running firebase use --add, 
[info] but for now we'll just set up a default project.
[info] 
[debug] [2024-04-08T23:11:04.375Z] Using project from CLI flag: tpsdatabase-5e4f6
[debug] [2024-04-08T23:11:04.378Z] >>> [apiv2][query] GET https://firebase.googleapis.com/v1beta1/projects/tpsdatabase-5e4f6 [none]
[debug] [2024-04-08T23:11:04.747Z] <<< [apiv2][status] GET https://firebase.googleapis.com/v1beta1/projects/tpsdatabase-5e4f6 200
[debug] [2024-04-08T23:11:04.748Z] <<< [apiv2][body] GET https://firebase.googleapis.com/v1beta1/projects/tpsdatabase-5e4f6 {"projectId":"tpsdatabase-5e4f6","projectNumber":"176804945016","displayName":"tpsDatabase","name":"projects/tpsdatabase-5e4f6","resources":{"hostingSite":"tpsdatabase-5e4f6","realtimeDatabaseInstance":"tpsdatabase-5e4f6-default-rtdb"},"state":"ACTIVE","etag":"1_80a181d1-7914-473b-b484-fc62949a1a27"}
[info] i  Using project tpsdatabase-5e4f6 (tpsDatabase) 
[info] 
=== Hosting Setup
[debug] [2024-04-08T23:11:04.768Z] >>> [apiv2][query] GET https://firebase.googleapis.com/v1beta1/projects/tpsdatabase-5e4f6 [none]
[debug] [2024-04-08T23:11:05.020Z] <<< [apiv2][status] GET https://firebase.googleapis.com/v1beta1/projects/tpsdatabase-5e4f6 200
[debug] [2024-04-08T23:11:05.020Z] <<< [apiv2][body] GET https://firebase.googleapis.com/v1beta1/projects/tpsdatabase-5e4f6 {"projectId":"tpsdatabase-5e4f6","projectNumber":"176804945016","displayName":"tpsDatabase","name":"projects/tpsdatabase-5e4f6","resources":{"hostingSite":"tpsdatabase-5e4f6","realtimeDatabaseInstance":"tpsdatabase-5e4f6-default-rtdb"},"state":"ACTIVE","etag":"1_80a181d1-7914-473b-b484-fc62949a1a27"}
[info] 
[info] Your public directory is the folder (relative to your project directory) that
[info] will contain Hosting assets to be uploaded with firebase deploy. If you
[info] have a build process for your assets, use your build's output directory.
[info] 
